c:\users\rae\desktop\camera class\200225 dx2d camera\dx2d\debug\dx2d.pch
c:\users\rae\desktop\camera class\200225 dx2d camera\dx2d\debug\vc141.pdb
c:\users\rae\desktop\camera class\200225 dx2d camera\dx2d\debug\vc141.idb
c:\users\rae\desktop\camera class\200225 dx2d camera\dx2d\debug\stdafx.obj
c:\users\rae\desktop\camera class\200225 dx2d camera\dx2d\debug\timemanager.obj
c:\users\rae\desktop\camera class\200225 dx2d camera\dx2d\debug\timer.obj
c:\users\rae\desktop\camera class\200225 dx2d camera\dx2d\debug\texturemanager.obj
c:\users\rae\desktop\camera class\200225 dx2d camera\dx2d\debug\textmanager.obj
c:\users\rae\desktop\camera class\200225 dx2d camera\dx2d\debug\sprite.obj
c:\users\rae\desktop\camera class\200225 dx2d camera\dx2d\debug\soundmanager.obj
c:\users\rae\desktop\camera class\200225 dx2d camera\dx2d\debug\shader.obj
c:\users\rae\desktop\camera class\200225 dx2d camera\dx2d\debug\rect.obj
c:\users\rae\desktop\camera class\200225 dx2d camera\dx2d\debug\progressbar.obj
c:\users\rae\desktop\camera class\200225 dx2d camera\dx2d\debug\player.obj
c:\users\rae\desktop\camera class\200225 dx2d camera\dx2d\debug\maingame.obj
c:\users\rae\desktop\camera class\200225 dx2d camera\dx2d\debug\keymanager.obj
c:\users\rae\desktop\camera class\200225 dx2d camera\dx2d\debug\dx2d.obj
c:\users\rae\desktop\camera class\200225 dx2d camera\dx2d\debug\clip.obj
c:\users\rae\desktop\camera class\200225 dx2d camera\dx2d\debug\map.obj
c:\users\rae\desktop\camera class\200225 dx2d camera\dx2d\debug\filemanager.obj
c:\users\rae\desktop\camera class\200225 dx2d camera\dx2d\debug\camera.obj
c:\users\rae\desktop\camera class\200225 dx2d camera\dx2d\debug\animation.obj
c:\users\rae\desktop\camera class\200225 dx2d camera\dx2d\debug\primitive2dobejct.obj
c:\users\rae\desktop\camera class\200225 dx2d camera\dx2d\debug\circle.obj
c:\users\rae\desktop\camera class\200225 dx2d camera\debug\dx2d.exe
c:\users\rae\desktop\camera class\200225 dx2d camera\debug\dx2d.ilk
c:\users\rae\desktop\camera class\200225 dx2d camera\debug\dx2d.pdb
c:\users\rae\desktop\camera class\200225 dx2d camera\dx2d\debug\dx2d.res
c:\users\pl_7c_007\desktop\김래향\camera-class\200225 dx2d camera\dx2d\debug\animation.obj
c:\users\pl_7c_007\desktop\김래향\camera-class\200225 dx2d camera\dx2d\debug\camera.obj
c:\users\pl_7c_007\desktop\김래향\camera-class\200225 dx2d camera\dx2d\debug\circle.obj
c:\users\pl_7c_007\desktop\김래향\camera-class\200225 dx2d camera\dx2d\debug\clip.obj
c:\users\pl_7c_007\desktop\김래향\camera-class\200225 dx2d camera\dx2d\debug\dx2d.obj
c:\users\pl_7c_007\desktop\김래향\camera-class\200225 dx2d camera\dx2d\debug\filemanager.obj
c:\users\pl_7c_007\desktop\김래향\camera-class\200225 dx2d camera\dx2d\debug\keymanager.obj
c:\users\pl_7c_007\desktop\김래향\camera-class\200225 dx2d camera\dx2d\debug\maingame.obj
c:\users\pl_7c_007\desktop\김래향\camera-class\200225 dx2d camera\dx2d\debug\map.obj
c:\users\pl_7c_007\desktop\김래향\camera-class\200225 dx2d camera\dx2d\debug\player.obj
c:\users\pl_7c_007\desktop\김래향\camera-class\200225 dx2d camera\dx2d\debug\primitive2dobejct.obj
c:\users\pl_7c_007\desktop\김래향\camera-class\200225 dx2d camera\dx2d\debug\progressbar.obj
c:\users\pl_7c_007\desktop\김래향\camera-class\200225 dx2d camera\dx2d\debug\rect.obj
c:\users\pl_7c_007\desktop\김래향\camera-class\200225 dx2d camera\dx2d\debug\shader.obj
c:\users\pl_7c_007\desktop\김래향\camera-class\200225 dx2d camera\dx2d\debug\soundmanager.obj
c:\users\pl_7c_007\desktop\김래향\camera-class\200225 dx2d camera\dx2d\debug\sprite.obj
c:\users\pl_7c_007\desktop\김래향\camera-class\200225 dx2d camera\dx2d\debug\stdafx.obj
c:\users\pl_7c_007\desktop\김래향\camera-class\200225 dx2d camera\dx2d\debug\textmanager.obj
c:\users\pl_7c_007\desktop\김래향\camera-class\200225 dx2d camera\dx2d\debug\texturemanager.obj
c:\users\pl_7c_007\desktop\김래향\camera-class\200225 dx2d camera\dx2d\debug\timemanager.obj
c:\users\pl_7c_007\desktop\김래향\camera-class\200225 dx2d camera\dx2d\debug\timer.obj
c:\users\pl_7c_007\desktop\김래향\camera-class\200225 dx2d camera\dx2d\debug\dx2d.res
c:\users\pl_7c_007\desktop\김래향\camera-class\200225 dx2d camera\dx2d\debug\dx2d.pch
c:\users\pl_7c_007\desktop\김래향\camera-class\200225 dx2d camera\dx2d\debug\vc141.idb
c:\users\pl_7c_007\desktop\김래향\camera-class\200225 dx2d camera\dx2d\debug\vc141.pdb
c:\users\pl_7c_007\desktop\김래향\camera-class\200225 dx2d camera\debug\dx2d.pdb
c:\users\pl_7c_007\desktop\김래향\camera-class\200225 dx2d camera\debug\dx2d.exe
c:\users\pl_7c_007\desktop\김래향\camera-class\200225 dx2d camera\debug\dx2d.ilk
c:\users\pl_7c_007\desktop\김래향\camera-class\200225 dx2d camera\dx2d\debug\dx2d.tlog\cl.command.1.tlog
c:\users\pl_7c_007\desktop\김래향\camera-class\200225 dx2d camera\dx2d\debug\dx2d.tlog\cl.read.1.tlog
c:\users\pl_7c_007\desktop\김래향\camera-class\200225 dx2d camera\dx2d\debug\dx2d.tlog\cl.write.1.tlog
c:\users\pl_7c_007\desktop\김래향\camera-class\200225 dx2d camera\dx2d\debug\dx2d.tlog\link.command.1.tlog
c:\users\pl_7c_007\desktop\김래향\camera-class\200225 dx2d camera\dx2d\debug\dx2d.tlog\link.read.1.tlog
c:\users\pl_7c_007\desktop\김래향\camera-class\200225 dx2d camera\dx2d\debug\dx2d.tlog\link.write.1.tlog
c:\users\pl_7c_007\desktop\김래향\camera-class\200225 dx2d camera\dx2d\debug\dx2d.tlog\rc.command.1.tlog
c:\users\pl_7c_007\desktop\김래향\camera-class\200225 dx2d camera\dx2d\debug\dx2d.tlog\rc.read.1.tlog
c:\users\pl_7c_007\desktop\김래향\camera-class\200225 dx2d camera\dx2d\debug\dx2d.tlog\rc.write.1.tlog
